

Microchip MPLAB XC8 Assembler V2.41 build 20230208172133 
                                                                                               Sun Jul 16 23:38:25 2023

Microchip MPLAB XC8 C Compiler v2.41 (Free license) build 20230208172133 Og1 
     1                           	processor	18F45K50
     2                           	fnconf	rparam,??,?,0
     3                           	pagewidth 120
     4                           	opt	flic
     5                           	psect	cinit,global,reloc=2,class=CODE,delta=1
     6                           	psect	cstackCOMRAM,global,class=COMRAM,space=1,delta=1,lowdata,noexec
     7                           	psect	text0,global,reloc=2,class=CODE,delta=1
     8                           	psect	text1,global,reloc=2,class=CODE,delta=1
     9                           	psect	text2,global,reloc=2,class=CODE,delta=1
    10                           	psect	intsave_regs,global,class=BIGRAM,space=1,delta=1,noexec
    11                           	psect	rparam,global,class=COMRAM,space=1,delta=1,noexec
    12                           	psect	config,global,abs,ovrld,class=CONFIG,space=4,delta=1,noexec
    13   000000                     
    14                           ; Generated 14/06/2023 GMT
    15                           ; 
    16                           ; Copyright © 2023, Microchip Technology Inc. and its subsidiaries ("Microchip")
    17                           ; All rights reserved.
    18                           ; 
    19                           ; This software is developed by Microchip Technology Inc. and its subsidiaries ("Microch
      +                          ip").
    20                           ; 
    21                           ; Redistribution and use in source and binary forms, with or without modification, are
    22                           ; permitted provided that the following conditions are met:
    23                           ; 
    24                           ;     1. Redistributions of source code must retain the above copyright notice, this lis
      +                          t of
    25                           ;        conditions and the following disclaimer.
    26                           ; 
    27                           ;     2. Redistributions in binary form must reproduce the above copyright notice, this 
      +                          list
    28                           ;        of conditions and the following disclaimer in the documentation and/or other
    29                           ;        materials provided with the distribution. Publication is not required when
    30                           ;        this file is used in an embedded application.
    31                           ; 
    32                           ;     3. Microchip's name may not be used to endorse or promote products derived from th
      +                          is
    33                           ;        software without specific prior written permission.
    34                           ; 
    35                           ; THIS SOFTWARE IS PROVIDED BY MICROCHIP "AS IS" AND ANY EXPRESS OR IMPLIED WARRANTIES,
    36                           ; INCLUDING, BUT NOT LIMITED TO, THE IMPLIED WARRANTIES OF MERCHANTABILITY AND FITNESS F
      +                          OR
    37                           ; PURPOSE ARE DISCLAIMED.  IN NO EVENT SHALL MICROCHIP BE LIABLE FOR ANY DIRECT, INDIREC
      +                          T,
    38                           ; INCIDENTAL, SPECIAL, EXEMPLARY, OR CONSEQUENTIAL DAMAGES (INCLUDING BUT NOT LIMITED TO
    39                           ; PROCUREMENT OF SUBSTITUTE GOODS OR SERVICES; LOSS OF USE, DATA OR PROFITS; OR BUSINESS
    40                           ; INTERRUPTION) HOWSOEVER CAUSED AND ON ANY THEORY OF LIABILITY, WHETHER IN CONTRACT, ST
      +                          RICT
    41                           ; LIABILITY, OR TORT (INCLUDING NEGLIGENCE OR OTHERWISE) ARISING IN ANY WAY OUT OF THE U
      +                          SE OF
    42                           ; THIS SOFTWARE, EVEN IF ADVISED OF THE POSSIBILITY OF SUCH DAMAGE.
    43                           ; 
    44                           ; 
    45                           ; Code-generator required, PIC18F45K50 Definitions
    46                           ; 
    47                           ; SFR Addresses
    48   000000                     _EECON2	set	4007
    49   000000                     _LATD	set	3980
    50   000000                     _TRISD	set	3989
    51   000000                     _PIR2bits	set	4001
    52   000000                     _EECON1bits	set	4006
    53   000000                     _EEDATA	set	4008
    54   000000                     _EEADR	set	4009
    55   000000                     _INTCONbits	set	4082
    56                           
    57                           ; #config settings
    58                           
    59                           	psect	cinit
    60   007F2E                     __pcinit:
    61                           	callstack 0
    62   007F2E                     start_initialization:
    63                           	callstack 0
    64   007F2E                     __initialization:
    65                           	callstack 0
    66   007F2E                     end_of_initialization:
    67                           	callstack 0
    68   007F2E                     __end_of__initialization:
    69                           	callstack 0
    70   007F2E  0100               	movlb	0
    71   007F30  EFB9  F03F         	goto	_main	;jump to C main() function
    72                           
    73                           	psect	cstackCOMRAM
    74   000001                     __pcstackCOMRAM:
    75                           	callstack 0
    76   000001                     EEPROM_Guardar@dir:
    77                           	callstack 0
    78   000001                     EEPROM_Lectura@dir:
    79                           	callstack 0
    80                           
    81                           ; 2 bytes @ 0x0
    82   000001                     	ds	2
    83   000003                     EEPROM_Guardar@data:
    84                           	callstack 0
    85                           
    86                           ; 1 bytes @ 0x2
    87   000003                     	ds	1
    88   000004                     
    89                           ; 1 bytes @ 0x3
    90 ;;
    91 ;;Main: autosize = 0, tempsize = 0, incstack = 0, save=0
    92 ;;
    93 ;; *************** function _main *****************
    94 ;; Defined at:
    95 ;;		line 82 in file "programa_principal_eeprom.c"
    96 ;; Parameters:    Size  Location     Type
    97 ;;		None
    98 ;; Auto vars:     Size  Location     Type
    99 ;;		None
   100 ;; Return value:  Size  Location     Type
   101 ;;                  1    wreg      void 
   102 ;; Registers used:
   103 ;;		wreg, status,2, cstack
   104 ;; Tracked objects:
   105 ;;		On entry : 0/0
   106 ;;		On exit  : 0/0
   107 ;;		Unchanged: 0/0
   108 ;; Data sizes:     COMRAM   BANK0   BANK1   BANK2   BANK3   BANK4   BANK5   BANK6   BANK7
   109 ;;      Params:         0       0       0       0       0       0       0       0       0
   110 ;;      Locals:         0       0       0       0       0       0       0       0       0
   111 ;;      Temps:          0       0       0       0       0       0       0       0       0
   112 ;;      Totals:         0       0       0       0       0       0       0       0       0
   113 ;;Total ram usage:        0 bytes
   114 ;; Hardware stack levels required when called: 1
   115 ;; This function calls:
   116 ;;		_EEPROM_Guardar
   117 ;;		_EEPROM_Lectura
   118 ;; This function is called by:
   119 ;;		Startup code after reset
   120 ;; This function uses a non-reentrant model
   121 ;;
   122                           
   123                           	psect	text0
   124   007F72                     __ptext0:
   125                           	callstack 0
   126   007F72                     _main:
   127                           	callstack 30
   128   007F72                     
   129                           ;programa_principal_eeprom.c: 83:     TRISD = 0;
   130   007F72  0E00               	movlw	0
   131   007F74  6E95               	movwf	149,c	;volatile
   132                           
   133                           ;programa_principal_eeprom.c: 84:     LATD = 0;
   134   007F76  0E00               	movlw	0
   135   007F78  6E8C               	movwf	140,c	;volatile
   136   007F7A                     
   137                           ;programa_principal_eeprom.c: 85:     EEPROM_Guardar(0,'M');
   138   007F7A  0E00               	movlw	0
   139   007F7C  6E02               	movwf	(EEPROM_Guardar@dir+1)^0,c
   140   007F7E  0E00               	movlw	0
   141   007F80  6E01               	movwf	EEPROM_Guardar@dir^0,c
   142   007F82  0E4D               	movlw	77
   143   007F84  6E03               	movwf	EEPROM_Guardar@data^0,c
   144   007F86  ECA1  F03F         	call	_EEPROM_Guardar	;wreg free
   145   007F8A                     
   146                           ;programa_principal_eeprom.c: 86:     EEPROM_Guardar(1,'I');
   147   007F8A  0E00               	movlw	0
   148   007F8C  6E02               	movwf	(EEPROM_Guardar@dir+1)^0,c
   149   007F8E  0E01               	movlw	1
   150   007F90  6E01               	movwf	EEPROM_Guardar@dir^0,c
   151   007F92  0E49               	movlw	73
   152   007F94  6E03               	movwf	EEPROM_Guardar@data^0,c
   153   007F96  ECA1  F03F         	call	_EEPROM_Guardar	;wreg free
   154   007F9A                     
   155                           ;programa_principal_eeprom.c: 87:     EEPROM_Guardar(2,'G');
   156   007F9A  0E00               	movlw	0
   157   007F9C  6E02               	movwf	(EEPROM_Guardar@dir+1)^0,c
   158   007F9E  0E02               	movlw	2
   159   007FA0  6E01               	movwf	EEPROM_Guardar@dir^0,c
   160   007FA2  0E47               	movlw	71
   161   007FA4  6E03               	movwf	EEPROM_Guardar@data^0,c
   162   007FA6  ECA1  F03F         	call	_EEPROM_Guardar	;wreg free
   163   007FAA                     
   164                           ;programa_principal_eeprom.c: 88:     EEPROM_Guardar(3,'U');
   165   007FAA  0E00               	movlw	0
   166   007FAC  6E02               	movwf	(EEPROM_Guardar@dir+1)^0,c
   167   007FAE  0E03               	movlw	3
   168   007FB0  6E01               	movwf	EEPROM_Guardar@dir^0,c
   169   007FB2  0E55               	movlw	85
   170   007FB4  6E03               	movwf	EEPROM_Guardar@data^0,c
   171   007FB6  ECA1  F03F         	call	_EEPROM_Guardar	;wreg free
   172   007FBA                     
   173                           ;programa_principal_eeprom.c: 89:     EEPROM_Guardar(4,'E');
   174   007FBA  0E00               	movlw	0
   175   007FBC  6E02               	movwf	(EEPROM_Guardar@dir+1)^0,c
   176   007FBE  0E04               	movlw	4
   177   007FC0  6E01               	movwf	EEPROM_Guardar@dir^0,c
   178   007FC2  0E45               	movlw	69
   179   007FC4  6E03               	movwf	EEPROM_Guardar@data^0,c
   180   007FC6  ECA1  F03F         	call	_EEPROM_Guardar	;wreg free
   181   007FCA                     
   182                           ;programa_principal_eeprom.c: 90:     EEPROM_Guardar(5,'L');
   183   007FCA  0E00               	movlw	0
   184   007FCC  6E02               	movwf	(EEPROM_Guardar@dir+1)^0,c
   185   007FCE  0E05               	movlw	5
   186   007FD0  6E01               	movwf	EEPROM_Guardar@dir^0,c
   187   007FD2  0E4C               	movlw	76
   188   007FD4  6E03               	movwf	EEPROM_Guardar@data^0,c
   189   007FD6  ECA1  F03F         	call	_EEPROM_Guardar	;wreg free
   190   007FDA                     
   191                           ;programa_principal_eeprom.c: 91:     EEPROM_Guardar(6,1);
   192   007FDA  0E00               	movlw	0
   193   007FDC  6E02               	movwf	(EEPROM_Guardar@dir+1)^0,c
   194   007FDE  0E06               	movlw	6
   195   007FE0  6E01               	movwf	EEPROM_Guardar@dir^0,c
   196   007FE2  0E01               	movlw	1
   197   007FE4  6E03               	movwf	EEPROM_Guardar@data^0,c
   198   007FE6  ECA1  F03F         	call	_EEPROM_Guardar	;wreg free
   199   007FEA                     l775:
   200                           
   201                           ;programa_principal_eeprom.c: 93:         LATD = EEPROM_Lectura(6);
   202   007FEA  0E00               	movlw	0
   203   007FEC  6E02               	movwf	(EEPROM_Lectura@dir+1)^0,c
   204   007FEE  0E06               	movlw	6
   205   007FF0  6E01               	movwf	EEPROM_Lectura@dir^0,c
   206   007FF2  EC9A  F03F         	call	_EEPROM_Lectura	;wreg free
   207   007FF6  6E8C               	movwf	140,c	;volatile
   208   007FF8  EFF5  F03F         	goto	l775
   209   007FFC  EF00  F000         	goto	start
   210   008000                     __end_of_main:
   211                           	callstack 0
   212                           
   213 ;; *************** function _EEPROM_Lectura *****************
   214 ;; Defined at:
   215 ;;		line 25 in file "EEPROM_libreria.c"
   216 ;; Parameters:    Size  Location     Type
   217 ;;  dir             2    0[COMRAM] int 
   218 ;; Auto vars:     Size  Location     Type
   219 ;;		None
   220 ;; Return value:  Size  Location     Type
   221 ;;                  1    wreg      unsigned char 
   222 ;; Registers used:
   223 ;;		wreg, status,2
   224 ;; Tracked objects:
   225 ;;		On entry : 0/0
   226 ;;		On exit  : 0/0
   227 ;;		Unchanged: 0/0
   228 ;; Data sizes:     COMRAM   BANK0   BANK1   BANK2   BANK3   BANK4   BANK5   BANK6   BANK7
   229 ;;      Params:         2       0       0       0       0       0       0       0       0
   230 ;;      Locals:         0       0       0       0       0       0       0       0       0
   231 ;;      Temps:          0       0       0       0       0       0       0       0       0
   232 ;;      Totals:         2       0       0       0       0       0       0       0       0
   233 ;;Total ram usage:        2 bytes
   234 ;; Hardware stack levels used: 1
   235 ;; This function calls:
   236 ;;		Nothing
   237 ;; This function is called by:
   238 ;;		_main
   239 ;; This function uses a non-reentrant model
   240 ;;
   241                           
   242                           	psect	text1
   243   007F34                     __ptext1:
   244                           	callstack 0
   245   007F34                     _EEPROM_Lectura:
   246                           	callstack 30
   247   007F34                     
   248                           ;EEPROM_libreria.c: 26:     EEADR = dir;
   249   007F34  C001  FFA9         	movff	EEPROM_Lectura@dir,4009	;volatile
   250                           
   251                           ;EEPROM_libreria.c: 27:     EECON1bits.EEPGD = 0;
   252   007F38  9EA6               	bcf	166,7,c	;volsfr
   253                           
   254                           ;EEPROM_libreria.c: 28:     EECON1bits.CFGS = 0;
   255   007F3A  9CA6               	bcf	166,6,c	;volsfr
   256                           
   257                           ;EEPROM_libreria.c: 29:     EECON1bits.RD = 1;
   258   007F3C  80A6               	bsf	166,0,c	;volsfr
   259   007F3E                     
   260                           ;EEPROM_libreria.c: 30:     return EEDATA;
   261   007F3E  50A8               	movf	168,w,c	;volatile
   262   007F40  0012               	return		;funcret
   263   007F42                     __end_of_EEPROM_Lectura:
   264                           	callstack 0
   265                           
   266 ;; *************** function _EEPROM_Guardar *****************
   267 ;; Defined at:
   268 ;;		line 9 in file "EEPROM_libreria.c"
   269 ;; Parameters:    Size  Location     Type
   270 ;;  dir             2    0[COMRAM] int 
   271 ;;  data            1    2[COMRAM] unsigned char 
   272 ;; Auto vars:     Size  Location     Type
   273 ;;		None
   274 ;; Return value:  Size  Location     Type
   275 ;;                  1    wreg      void 
   276 ;; Registers used:
   277 ;;		wreg, status,2
   278 ;; Tracked objects:
   279 ;;		On entry : 0/0
   280 ;;		On exit  : 0/0
   281 ;;		Unchanged: 0/0
   282 ;; Data sizes:     COMRAM   BANK0   BANK1   BANK2   BANK3   BANK4   BANK5   BANK6   BANK7
   283 ;;      Params:         3       0       0       0       0       0       0       0       0
   284 ;;      Locals:         0       0       0       0       0       0       0       0       0
   285 ;;      Temps:          0       0       0       0       0       0       0       0       0
   286 ;;      Totals:         3       0       0       0       0       0       0       0       0
   287 ;;Total ram usage:        3 bytes
   288 ;; Hardware stack levels used: 1
   289 ;; This function calls:
   290 ;;		Nothing
   291 ;; This function is called by:
   292 ;;		_main
   293 ;; This function uses a non-reentrant model
   294 ;;
   295                           
   296                           	psect	text2
   297   007F42                     __ptext2:
   298                           	callstack 0
   299   007F42                     _EEPROM_Guardar:
   300                           	callstack 30
   301   007F42                     
   302                           ;EEPROM_libreria.c: 10:     EEADR = dir;
   303   007F42  C001  FFA9         	movff	EEPROM_Guardar@dir,4009	;volatile
   304                           
   305                           ;EEPROM_libreria.c: 11:     EEDATA = data;
   306   007F46  C003  FFA8         	movff	EEPROM_Guardar@data,4008	;volatile
   307                           
   308                           ;EEPROM_libreria.c: 12:     EECON1bits.EEPGD = 0;
   309   007F4A  9EA6               	bcf	166,7,c	;volsfr
   310                           
   311                           ;EEPROM_libreria.c: 13:     EECON1bits.CFGS = 0;
   312   007F4C  9CA6               	bcf	166,6,c	;volsfr
   313                           
   314                           ;EEPROM_libreria.c: 14:     EECON1bits.WREN = 1;
   315   007F4E  84A6               	bsf	166,2,c	;volsfr
   316                           
   317                           ;EEPROM_libreria.c: 15:     INTCONbits.GIE = 0;
   318   007F50  9EF2               	bcf	242,7,c	;volatile
   319   007F52                     
   320                           ;EEPROM_libreria.c: 16:     EECON2 = 0x55;
   321   007F52  0E55               	movlw	85
   322   007F54  6EA7               	movwf	167,c	;volsfr
   323                           
   324                           ;EEPROM_libreria.c: 17:     EECON2 = 0x0AA;
   325   007F56  0EAA               	movlw	170
   326   007F58  6EA7               	movwf	167,c	;volsfr
   327   007F5A                     
   328                           ;EEPROM_libreria.c: 18:     EECON1bits.WR = 1;
   329   007F5A  82A6               	bsf	166,1,c	;volsfr
   330   007F5C                     
   331                           ;EEPROM_libreria.c: 19:     INTCONbits.GIE = 1;
   332   007F5C  8EF2               	bsf	242,7,c	;volatile
   333   007F5E                     l31:
   334   007F5E  A8A1               	btfss	161,4,c	;volatile
   335   007F60  EFB4  F03F         	goto	u21
   336   007F64  EFB6  F03F         	goto	u20
   337   007F68                     u21:
   338   007F68  EFAF  F03F         	goto	l31
   339   007F6C                     u20:
   340   007F6C                     
   341                           ;EEPROM_libreria.c: 21:     PIR2bits.EEIF = 0;
   342   007F6C  98A1               	bcf	161,4,c	;volatile
   343                           
   344                           ;EEPROM_libreria.c: 22:     EECON1bits.WREN = 0;
   345   007F6E  94A6               	bcf	166,2,c	;volsfr
   346   007F70  0012               	return		;funcret
   347   007F72                     __end_of_EEPROM_Guardar:
   348                           	callstack 0
   349   000000                     
   350                           	psect	rparam
   351   000000                     
   352                           	psect	config
   353                           
   354                           ;Config register CONFIG1L @ 0x300000
   355                           ;	PLL Selection
   356                           ;	PLLSEL = PLL4X, 4x clock multiplier
   357                           ;	PLL Enable Configuration bit
   358                           ;	CFGPLLEN = OFF, PLL Disabled (firmware controlled)
   359                           ;	CPU System Clock Postscaler
   360                           ;	CPUDIV = NOCLKDIV, CPU uses system clock (no divide)
   361                           ;	Low Speed USB mode with 48 MHz system clock
   362                           ;	LS48MHZ = SYS24X4, System clock at 24 MHz, USB clock divider is set to 4
   363   300000                     	org	3145728
   364   300000  00                 	db	0
   365                           
   366                           ;Config register CONFIG1H @ 0x300001
   367                           ;	Oscillator Selection
   368                           ;	FOSC = HSM, HS oscillator, medium power 4MHz to 16MHz
   369                           ;	Primary Oscillator Shutdown
   370                           ;	PCLKEN = OFF, Primary oscillator shutdown firmware controlled
   371                           ;	Fail-Safe Clock Monitor
   372                           ;	FCMEN = OFF, Fail-Safe Clock Monitor disabled
   373                           ;	Internal/External Oscillator Switchover
   374                           ;	IESO = OFF, Oscillator Switchover mode disabled
   375   300001                     	org	3145729
   376   300001  03                 	db	3
   377                           
   378                           ;Config register CONFIG2L @ 0x300002
   379                           ;	Power-up Timer Enable
   380                           ;	nPWRTEN = ON, Power up timer enabled
   381                           ;	Brown-out Reset Enable
   382                           ;	BOREN = OFF, BOR disabled in hardware (SBOREN is ignored)
   383                           ;	Brown-out Reset Voltage
   384                           ;	BORV = 190, BOR set to 1.9V nominal
   385                           ;	Low-Power Brown-out Reset
   386                           ;	nLPBOR = OFF, Low-Power Brown-out Reset disabled
   387   300002                     	org	3145730
   388   300002  58                 	db	88
   389                           
   390                           ;Config register CONFIG2H @ 0x300003
   391                           ;	Watchdog Timer Enable bits
   392                           ;	WDTEN = OFF, WDT disabled in hardware (SWDTEN ignored)
   393                           ;	Watchdog Timer Postscaler
   394                           ;	WDTPS = 32768, 1:32768
   395   300003                     	org	3145731
   396   300003  3C                 	db	60
   397                           
   398                           ; Padding undefined space
   399   300004                     	org	3145732
   400   300004  FF                 	db	255
   401                           
   402                           ;Config register CONFIG3H @ 0x300005
   403                           ;	CCP2 MUX bit
   404                           ;	CCP2MX = RC1, CCP2 input/output is multiplexed with RC1
   405                           ;	PORTB A/D Enable bit
   406                           ;	PBADEN = OFF, PORTB<5:0> pins are configured as digital I/O on Reset
   407                           ;	Timer3 Clock Input MUX bit
   408                           ;	T3CMX = RC0, T3CKI function is on RC0
   409                           ;	SDO Output MUX bit
   410                           ;	SDOMX = RB3, SDO function is on RB3
   411                           ;	Master Clear Reset Pin Enable
   412                           ;	MCLRE = ON, MCLR pin enabled; RE3 input disabled
   413   300005                     	org	3145733
   414   300005  D1                 	db	209
   415                           
   416                           ;Config register CONFIG4L @ 0x300006
   417                           ;	Stack Full/Underflow Reset
   418                           ;	STVREN = ON, Stack full/underflow will cause Reset
   419                           ;	Single-Supply ICSP Enable bit
   420                           ;	LVP = ON, Single-Supply ICSP enabled if MCLRE is also 1
   421                           ;	Dedicated In-Circuit Debug/Programming Port Enable
   422                           ;	ICPRT = OFF, ICPORT disabled
   423                           ;	Extended Instruction Set Enable bit
   424                           ;	XINST = OFF, Instruction set extension and Indexed Addressing mode disabled
   425                           ;	Background Debugger Enable bit
   426                           ;	DEBUG = 0x1, unprogrammed default
   427   300006                     	org	3145734
   428   300006  85                 	db	133
   429                           
   430                           ; Padding undefined space
   431   300007                     	org	3145735
   432   300007  FF                 	db	255
   433                           
   434                           ;Config register CONFIG5L @ 0x300008
   435                           ;	Block 0 Code Protect
   436                           ;	CP0 = OFF, Block 0 is not code-protected
   437                           ;	Block 1 Code Protect
   438                           ;	CP1 = OFF, Block 1 is not code-protected
   439                           ;	Block 2 Code Protect
   440                           ;	CP2 = OFF, Block 2 is not code-protected
   441                           ;	Block 3 Code Protect
   442                           ;	CP3 = OFF, Block 3 is not code-protected
   443   300008                     	org	3145736
   444   300008  0F                 	db	15
   445                           
   446                           ;Config register CONFIG5H @ 0x300009
   447                           ;	Boot Block Code Protect
   448                           ;	CPB = OFF, Boot block is not code-protected
   449                           ;	Data EEPROM Code Protect
   450                           ;	CPD = OFF, Data EEPROM is not code-protected
   451   300009                     	org	3145737
   452   300009  C0                 	db	192
   453                           
   454                           ;Config register CONFIG6L @ 0x30000A
   455                           ;	Block 0 Write Protect
   456                           ;	WRT0 = OFF, Block 0 (0800-1FFFh) is not write-protected
   457                           ;	Block 1 Write Protect
   458                           ;	WRT1 = OFF, Block 1 (2000-3FFFh) is not write-protected
   459                           ;	Block 2 Write Protect
   460                           ;	WRT2 = OFF, Block 2 (04000-5FFFh) is not write-protected
   461                           ;	Block 3 Write Protect
   462                           ;	WRT3 = OFF, Block 3 (06000-7FFFh) is not write-protected
   463   30000A                     	org	3145738
   464   30000A  0F                 	db	15
   465                           
   466                           ;Config register CONFIG6H @ 0x30000B
   467                           ;	Configuration Registers Write Protect
   468                           ;	WRTC = OFF, Configuration registers (300000-3000FFh) are not write-protected
   469                           ;	Boot Block Write Protect
   470                           ;	WRTB = OFF, Boot block (0000-7FFh) is not write-protected
   471                           ;	Data EEPROM Write Protect
   472                           ;	WRTD = OFF, Data EEPROM is not write-protected
   473   30000B                     	org	3145739
   474   30000B  E0                 	db	224
   475                           
   476                           ;Config register CONFIG7L @ 0x30000C
   477                           ;	Block 0 Table Read Protect
   478                           ;	EBTR0 = OFF, Block 0 is not protected from table reads executed in other blocks
   479                           ;	Block 1 Table Read Protect
   480                           ;	EBTR1 = OFF, Block 1 is not protected from table reads executed in other blocks
   481                           ;	Block 2 Table Read Protect
   482                           ;	EBTR2 = OFF, Block 2 is not protected from table reads executed in other blocks
   483                           ;	Block 3 Table Read Protect
   484                           ;	EBTR3 = OFF, Block 3 is not protected from table reads executed in other blocks
   485   30000C                     	org	3145740
   486   30000C  0F                 	db	15
   487                           
   488                           ;Config register CONFIG7H @ 0x30000D
   489                           ;	Boot Block Table Read Protect
   490                           ;	EBTRB = OFF, Boot block is not protected from table reads executed in other blocks
   491   30000D                     	org	3145741
   492   30000D  40                 	db	64
   493                           tosu	equ	0xFFF
   494                           tosh	equ	0xFFE
   495                           tosl	equ	0xFFD
   496                           stkptr	equ	0xFFC
   497                           pclatu	equ	0xFFB
   498                           pclath	equ	0xFFA
   499                           pcl	equ	0xFF9
   500                           tblptru	equ	0xFF8
   501                           tblptrh	equ	0xFF7
   502                           tblptrl	equ	0xFF6
   503                           tablat	equ	0xFF5
   504                           prodh	equ	0xFF4
   505                           prodl	equ	0xFF3
   506                           indf0	equ	0xFEF
   507                           postinc0	equ	0xFEE
   508                           postdec0	equ	0xFED
   509                           preinc0	equ	0xFEC
   510                           plusw0	equ	0xFEB
   511                           fsr0h	equ	0xFEA
   512                           fsr0l	equ	0xFE9
   513                           wreg	equ	0xFE8
   514                           indf1	equ	0xFE7
   515                           postinc1	equ	0xFE6
   516                           postdec1	equ	0xFE5
   517                           preinc1	equ	0xFE4
   518                           plusw1	equ	0xFE3
   519                           fsr1h	equ	0xFE2
   520                           fsr1l	equ	0xFE1
   521                           bsr	equ	0xFE0
   522                           indf2	equ	0xFDF
   523                           postinc2	equ	0xFDE
   524                           postdec2	equ	0xFDD
   525                           preinc2	equ	0xFDC
   526                           plusw2	equ	0xFDB
   527                           fsr2h	equ	0xFDA
   528                           fsr2l	equ	0xFD9
   529                           status	equ	0xFD8

Data Sizes:
    Strings     0
    Constant    0
    Data        0
    BSS         0
    Persistent  0
    Stack       0

Auto Spaces:
    Space          Size  Autos    Used
    COMRAM           95      3       3
    BANK0           160      0       0
    BANK1           256      0       0
    BANK2           256      0       0
    BANK3           256      0       0
    BANK4           256      0       0
    BANK5           256      0       0
    BANK6           256      0       0
    BANK7           256      0       0

Pointer List with Targets:

    None.

Critical Paths under _main in COMRAM

    _main->_EEPROM_Guardar

Critical Paths under _main in BANK0

    None.

Critical Paths under _main in BANK1

    None.

Critical Paths under _main in BANK2

    None.

Critical Paths under _main in BANK3

    None.

Critical Paths under _main in BANK4

    None.

Critical Paths under _main in BANK5

    None.

Critical Paths under _main in BANK6

    None.

Critical Paths under _main in BANK7

    None.

Call Graph Tables:

 ---------------------------------------------------------------------------------
 (Depth) Function   	        Calls       Base Space   Used Autos Params    Refs
 ---------------------------------------------------------------------------------
 (0) _main                                                 0     0      0    1206
                     _EEPROM_Guardar
                     _EEPROM_Lectura
 ---------------------------------------------------------------------------------
 (1) _EEPROM_Lectura                                       2     0      2      98
                                              0 COMRAM     2     0      2
 ---------------------------------------------------------------------------------
 (1) _EEPROM_Guardar                                       3     0      3    1108
                                              0 COMRAM     3     0      3
 ---------------------------------------------------------------------------------
 Estimated maximum stack depth 1
 ---------------------------------------------------------------------------------

 Call Graph Graphs:

 _main (ROOT)
   _EEPROM_Guardar
   _EEPROM_Lectura

 Address spaces:
Name               Size   Autos  Total    Cost      Usage
BITCOMRAM           5F      0       0       0        0.0%
EEDATA             100      0       0       0        0.0%
NULL                 0      0       0       0        0.0%
CODE                 0      0       0       0        0.0%
COMRAM              5F      3       3       1        3.2%
STACK                0      0       0       2        0.0%
DATA                 0      0       0       3        0.0%
BITBANK0            A0      0       0       4        0.0%
BANK0               A0      0       0       5        0.0%
BITBANK1           100      0       0       6        0.0%
BANK1              100      0       0       7        0.0%
BITBANK2           100      0       0       8        0.0%
BANK2              100      0       0       9        0.0%
BITBANK3           100      0       0      10        0.0%
BANK3              100      0       0      11        0.0%
BITBANK4           100      0       0      12        0.0%
BANK4              100      0       0      13        0.0%
BITBANK5           100      0       0      14        0.0%
BANK5              100      0       0      15        0.0%
BITBANK6           100      0       0      16        0.0%
BANK6              100      0       0      17        0.0%
BITBANK7           100      0       0      18        0.0%
BANK7              100      0       0      19        0.0%
BITBIGSFRhhh         D      0       0      20        0.0%
BITBIGSFRhhl        48      0       0      21        0.0%
BITBIGSFRhllh        4      0       0      22        0.0%
BITBIGSFRhlll        B      0       0      23        0.0%
BITBIGSFRlh          8      0       0      24        0.0%
BITBIGSFRll         39      0       0      25        0.0%
ABS                  0      0       0      26        0.0%
BIGRAM             7FF      0       0      27        0.0%
BIGSFR               0      0       0     200        0.0%
BITSFR_1             0      0       0     200        0.0%
SFR_1                0      0       0     200        0.0%
BITSFR               0      0       0     200        0.0%
SFR                  0      0       0     200        0.0%


Microchip Technology PIC18 Macro Assembler V2.41 build 20230208172133 
Symbol Table                                                                                   Sun Jul 16 23:38:25 2023

                     l31 7F5E                       l33 7F6C                       l34 7F70  
                     l37 7F40                       u20 7F6C                       u21 7F68  
                    l751 7F5C                      l745 7F42                      l753 7F34  
                    l761 7F7A                      l747 7F52                      l755 7F3E  
                    l771 7FCA                      l763 7F8A                      l749 7F5A  
                    l773 7FDA                      l765 7F9A                      l775 7FEA  
                    l767 7FAA                      l759 7F72                      l769 7FBA  
                   _LATD 0F8C                     _main 7F72                     start 0000  
           ___param_bank 0000                    ?_main 0001                    _EEADR 0FA9  
                  _TRISD 0F95          __initialization 7F2E             __end_of_main 8000  
                 ??_main 0004            __activetblptr 0000                   _EEDATA 0FA8  
                 _EECON2 0FA7                   isa$std 0001           _EEPROM_Lectura 7F34  
         _EEPROM_Guardar 7F42               __accesstop 0060  __end_of__initialization 7F2E  
          ___rparam_used 0001           __pcstackCOMRAM 0001   __end_of_EEPROM_Lectura 7F42  
 __end_of_EEPROM_Guardar 7F72          ?_EEPROM_Lectura 0001          ?_EEPROM_Guardar 0001  
                __Hparam 0000                  __Lparam 0000                  __pcinit 7F2E  
                __ramtop 0800                  __ptext0 7F72                  __ptext1 7F34  
                __ptext2 7F42     end_of_initialization 7F2E      start_initialization 7F2E  
       ??_EEPROM_Lectura 0003         ??_EEPROM_Guardar 0004                 _PIR2bits 0FA1  
             _EECON1bits 0FA6                 __Hrparam 0000                 __Lrparam 0000  
               isa$xinst 0000               _INTCONbits 0FF2       EEPROM_Guardar@data 0003  
      EEPROM_Lectura@dir 0001        EEPROM_Guardar@dir 0001  
