

Microchip MPLAB XC8 Assembler V2.41 build 20230208172133 
                                                                                               Sat Jun 24 23:39:59 2023

Microchip MPLAB XC8 C Compiler v2.41 (Free license) build 20230208172133 Og1 
     1                           	processor	18F45K50
     2                           	fnconf	rparam,??,?,0
     3                           	pagewidth 120
     4                           	opt	flic
     5                           	psect	cinit,global,reloc=2,class=CODE,delta=1
     6                           	psect	cstackCOMRAM,global,class=COMRAM,space=1,delta=1,lowdata,noexec
     7                           	psect	text0,global,reloc=2,class=CODE,delta=1
     8                           	psect	intsave_regs,global,class=BIGRAM,space=1,delta=1,noexec
     9                           	psect	rparam,global,class=COMRAM,space=1,delta=1,noexec
    10                           	psect	config,global,abs,ovrld,class=CONFIG,space=4,delta=1,noexec
    11   000000                     
    12                           ; Generated 22/03/2023 GMT
    13                           ; 
    14                           ; Copyright © 2023, Microchip Technology Inc. and its subsidiaries ("Microchip")
    15                           ; All rights reserved.
    16                           ; 
    17                           ; This software is developed by Microchip Technology Inc. and its subsidiaries ("Microch
      +                          ip").
    18                           ; 
    19                           ; Redistribution and use in source and binary forms, with or without modification, are
    20                           ; permitted provided that the following conditions are met:
    21                           ; 
    22                           ;     1. Redistributions of source code must retain the above copyright notice, this lis
      +                          t of
    23                           ;        conditions and the following disclaimer.
    24                           ; 
    25                           ;     2. Redistributions in binary form must reproduce the above copyright notice, this 
      +                          list
    26                           ;        of conditions and the following disclaimer in the documentation and/or other
    27                           ;        materials provided with the distribution. Publication is not required when
    28                           ;        this file is used in an embedded application.
    29                           ; 
    30                           ;     3. Microchip's name may not be used to endorse or promote products derived from th
      +                          is
    31                           ;        software without specific prior written permission.
    32                           ; 
    33                           ; THIS SOFTWARE IS PROVIDED BY MICROCHIP "AS IS" AND ANY EXPRESS OR IMPLIED WARRANTIES,
    34                           ; INCLUDING, BUT NOT LIMITED TO, THE IMPLIED WARRANTIES OF MERCHANTABILITY AND FITNESS F
      +                          OR
    35                           ; PURPOSE ARE DISCLAIMED.  IN NO EVENT SHALL MICROCHIP BE LIABLE FOR ANY DIRECT, INDIREC
      +                          T,
    36                           ; INCIDENTAL, SPECIAL, EXEMPLARY, OR CONSEQUENTIAL DAMAGES (INCLUDING BUT NOT LIMITED TO
    37                           ; PROCUREMENT OF SUBSTITUTE GOODS OR SERVICES; LOSS OF USE, DATA OR PROFITS; OR BUSINESS
    38                           ; INTERRUPTION) HOWSOEVER CAUSED AND ON ANY THEORY OF LIABILITY, WHETHER IN CONTRACT, ST
      +                          RICT
    39                           ; LIABILITY, OR TORT (INCLUDING NEGLIGENCE OR OTHERWISE) ARISING IN ANY WAY OUT OF THE U
      +                          SE OF
    40                           ; THIS SOFTWARE, EVEN IF ADVISED OF THE POSSIBILITY OF SUCH DAMAGE.
    41                           ; 
    42                           ; 
    43                           ; Code-generator required, PIC18F45K50 Definitions
    44                           ; 
    45                           ; SFR Addresses
    46   000000                     _ANSELC	set	3933
    47   000000                     _LATC	set	3979
    48   000000                     _TRISCbits	set	3988
    49   000000                     _PIR1bits	set	3998
    50   000000                     _PR2	set	4027
    51   000000                     _CCP1CON	set	4029
    52   000000                     _CCPR1L	set	4030
    53   000000                     _T2CONbits	set	4026
    54                           
    55                           ; #config settings
    56                           
    57                           	psect	cinit
    58   007FCC                     __pcinit:
    59                           	callstack 0
    60   007FCC                     start_initialization:
    61                           	callstack 0
    62   007FCC                     __initialization:
    63                           	callstack 0
    64   007FCC                     end_of_initialization:
    65                           	callstack 0
    66   007FCC                     __end_of__initialization:
    67                           	callstack 0
    68   007FCC  0100               	movlb	0
    69   007FCE  EFE9  F03F         	goto	_main	;jump to C main() function
    70                           
    71                           	psect	cstackCOMRAM
    72   000000                     __pcstackCOMRAM:
    73                           	callstack 0
    74   000000                     
    75                           ; 1 bytes @ 0x0
    76 ;;
    77 ;;Main: autosize = 0, tempsize = 0, incstack = 0, save=0
    78 ;;
    79 ;; *************** function _main *****************
    80 ;; Defined at:
    81 ;;		line 27 in file "newmain_PWM.c"
    82 ;; Parameters:    Size  Location     Type
    83 ;;		None
    84 ;; Auto vars:     Size  Location     Type
    85 ;;		None
    86 ;; Return value:  Size  Location     Type
    87 ;;                  1    wreg      void 
    88 ;; Registers used:
    89 ;;		wreg, status,2
    90 ;; Tracked objects:
    91 ;;		On entry : 0/0
    92 ;;		On exit  : 0/0
    93 ;;		Unchanged: 0/0
    94 ;; Data sizes:     COMRAM   BANK0   BANK1   BANK2   BANK3   BANK4   BANK5   BANK6   BANK7
    95 ;;      Params:         0       0       0       0       0       0       0       0       0
    96 ;;      Locals:         0       0       0       0       0       0       0       0       0
    97 ;;      Temps:          0       0       0       0       0       0       0       0       0
    98 ;;      Totals:         0       0       0       0       0       0       0       0       0
    99 ;;Total ram usage:        0 bytes
   100 ;; This function calls:
   101 ;;		Nothing
   102 ;; This function is called by:
   103 ;;		Startup code after reset
   104 ;; This function uses a non-reentrant model
   105 ;;
   106                           
   107                           	psect	text0
   108   007FD2                     __ptext0:
   109                           	callstack 0
   110   007FD2                     _main:
   111                           	callstack 31
   112   007FD2                     
   113                           ;newmain_PWM.c: 28:     LATC = 0x00;
   114   007FD2  0E00               	movlw	0
   115   007FD4  6E8B               	movwf	139,c	;volatile
   116                           
   117                           ;newmain_PWM.c: 29:     ANSELC = 0x00;
   118   007FD6  0E00               	movlw	0
   119   007FD8  010F               	movlb	15	; () banked
   120   007FDA  6F5D               	movwf	93,b	;volatile
   121   007FDC                     
   122                           ; BSR set to: 15
   123                           ;newmain_PWM.c: 30:     TRISCbits.RC2 = 1;
   124   007FDC  8494               	bsf	148,2,c	;volatile
   125                           
   126                           ;newmain_PWM.c: 32:     PR2 = 0x24;
   127   007FDE  0E24               	movlw	36
   128   007FE0  6EBB               	movwf	187,c	;volatile
   129                           
   130                           ;newmain_PWM.c: 33:     CCP1CON = 0b00001100;
   131   007FE2  0E0C               	movlw	12
   132   007FE4  6EBD               	movwf	189,c	;volatile
   133                           
   134                           ;newmain_PWM.c: 34:     CCPR1L = 0b00011110;
   135   007FE6  0E1E               	movlw	30
   136   007FE8  6EBE               	movwf	190,c	;volatile
   137   007FEA                     
   138                           ; BSR set to: 15
   139                           ;newmain_PWM.c: 35:     PIR1bits.TMR2IF = 0;
   140   007FEA  929E               	bcf	158,1,c	;volatile
   141                           
   142                           ;newmain_PWM.c: 36:     T2CONbits.T2CKPS = 1;
   143   007FEC  50BA               	movf	186,w,c	;volatile
   144   007FEE  0BFC               	andlw	-4
   145   007FF0  0901               	iorlw	1
   146   007FF2  6EBA               	movwf	186,c	;volatile
   147   007FF4                     
   148                           ; BSR set to: 15
   149                           ;newmain_PWM.c: 37:     T2CONbits.TMR2ON = 1;
   150   007FF4  84BA               	bsf	186,2,c	;volatile
   151   007FF6                     
   152                           ; BSR set to: 15
   153                           ;newmain_PWM.c: 38:     TRISCbits.RC2 = 0;
   154   007FF6  9494               	bcf	148,2,c	;volatile
   155   007FF8                     l21:
   156   007FF8  EFFC  F03F         	goto	l21
   157   007FFC  EF00  F000         	goto	start
   158   008000                     __end_of_main:
   159                           	callstack 0
   160   000000                     
   161                           	psect	rparam
   162   000000                     
   163                           	psect	config
   164                           
   165                           ;Config register CONFIG4L @ 0x300006
   166                           ;	Stack Full/Underflow Reset
   167                           ;	STVREN = ON, Stack full/underflow will cause Reset
   168                           ;	Single-Supply ICSP Enable bit
   169                           ;	LVP = ON, Single-Supply ICSP enabled if MCLRE is also 1
   170                           ;	Dedicated In-Circuit Debug/Programming Port Enable
   171                           ;	ICPRT = OFF, ICPORT disabled
   172                           ;	Extended Instruction Set Enable bit
   173                           ;	XINST = OFF, Instruction set extension and Indexed Addressing mode disabled
   174                           ;	Background Debugger Enable bit
   175                           ;	DEBUG = 0x1, unprogrammed default
   176   300006                     	org	3145734
   177   300006  85                 	db	133
   178                           
   179                           ; Padding undefined space
   180   300007                     	org	3145735
   181   300007  FF                 	db	255
   182                           
   183                           ;Config register CONFIG5L @ 0x300008
   184                           ;	Block 0 Code Protect
   185                           ;	CP0 = OFF, Block 0 is not code-protected
   186                           ;	Block 1 Code Protect
   187                           ;	CP1 = OFF, Block 1 is not code-protected
   188                           ;	Block 2 Code Protect
   189                           ;	CP2 = OFF, Block 2 is not code-protected
   190                           ;	Block 3 Code Protect
   191                           ;	CP3 = OFF, Block 3 is not code-protected
   192   300008                     	org	3145736
   193   300008  0F                 	db	15
   194                           
   195                           ;Config register CONFIG5H @ 0x300009
   196                           ;	Boot Block Code Protect
   197                           ;	CPB = OFF, Boot block is not code-protected
   198                           ;	Data EEPROM Code Protect
   199                           ;	CPD = OFF, Data EEPROM is not code-protected
   200   300009                     	org	3145737
   201   300009  C0                 	db	192
   202                           
   203                           ;Config register CONFIG6L @ 0x30000A
   204                           ;	Block 0 Write Protect
   205                           ;	WRT0 = OFF, Block 0 (0800-1FFFh) is not write-protected
   206                           ;	Block 1 Write Protect
   207                           ;	WRT1 = OFF, Block 1 (2000-3FFFh) is not write-protected
   208                           ;	Block 2 Write Protect
   209                           ;	WRT2 = OFF, Block 2 (04000-5FFFh) is not write-protected
   210                           ;	Block 3 Write Protect
   211                           ;	WRT3 = OFF, Block 3 (06000-7FFFh) is not write-protected
   212   30000A                     	org	3145738
   213   30000A  0F                 	db	15
   214                           
   215                           ;Config register CONFIG6H @ 0x30000B
   216                           ;	Configuration Registers Write Protect
   217                           ;	WRTC = OFF, Configuration registers (300000-3000FFh) are not write-protected
   218                           ;	Boot Block Write Protect
   219                           ;	WRTB = OFF, Boot block (0000-7FFh) is not write-protected
   220                           ;	Data EEPROM Write Protect
   221                           ;	WRTD = OFF, Data EEPROM is not write-protected
   222   30000B                     	org	3145739
   223   30000B  E0                 	db	224
   224                           
   225                           ;Config register CONFIG7L @ 0x30000C
   226                           ;	Block 0 Table Read Protect
   227                           ;	EBTR0 = OFF, Block 0 is not protected from table reads executed in other blocks
   228                           ;	Block 1 Table Read Protect
   229                           ;	EBTR1 = OFF, Block 1 is not protected from table reads executed in other blocks
   230                           ;	Block 2 Table Read Protect
   231                           ;	EBTR2 = OFF, Block 2 is not protected from table reads executed in other blocks
   232                           ;	Block 3 Table Read Protect
   233                           ;	EBTR3 = OFF, Block 3 is not protected from table reads executed in other blocks
   234   30000C                     	org	3145740
   235   30000C  0F                 	db	15
   236                           
   237                           ;Config register CONFIG7H @ 0x30000D
   238                           ;	Boot Block Table Read Protect
   239                           ;	EBTRB = OFF, Boot block is not protected from table reads executed in other blocks
   240   30000D                     	org	3145741
   241   30000D  40                 	db	64
   242                           tosu	equ	0xFFF
   243                           tosh	equ	0xFFE
   244                           tosl	equ	0xFFD
   245                           stkptr	equ	0xFFC
   246                           pclatu	equ	0xFFB
   247                           pclath	equ	0xFFA
   248                           pcl	equ	0xFF9
   249                           tblptru	equ	0xFF8
   250                           tblptrh	equ	0xFF7
   251                           tblptrl	equ	0xFF6
   252                           tablat	equ	0xFF5
   253                           prodh	equ	0xFF4
   254                           prodl	equ	0xFF3
   255                           indf0	equ	0xFEF
   256                           postinc0	equ	0xFEE
   257                           postdec0	equ	0xFED
   258                           preinc0	equ	0xFEC
   259                           plusw0	equ	0xFEB
   260                           fsr0h	equ	0xFEA
   261                           fsr0l	equ	0xFE9
   262                           wreg	equ	0xFE8
   263                           indf1	equ	0xFE7
   264                           postinc1	equ	0xFE6
   265                           postdec1	equ	0xFE5
   266                           preinc1	equ	0xFE4
   267                           plusw1	equ	0xFE3
   268                           fsr1h	equ	0xFE2
   269                           fsr1l	equ	0xFE1
   270                           bsr	equ	0xFE0
   271                           indf2	equ	0xFDF
   272                           postinc2	equ	0xFDE
   273                           postdec2	equ	0xFDD
   274                           preinc2	equ	0xFDC
   275                           plusw2	equ	0xFDB
   276                           fsr2h	equ	0xFDA
   277                           fsr2l	equ	0xFD9
   278                           status	equ	0xFD8

Data Sizes:
    Strings     0
    Constant    0
    Data        0
    BSS         0
    Persistent  0
    Stack       0

Auto Spaces:
    Space          Size  Autos    Used
    COMRAM           95      0       0
    BANK0           160      0       0
    BANK1           256      0       0
    BANK2           256      0       0
    BANK3           256      0       0
    BANK4           256      0       0
    BANK5           256      0       0
    BANK6           256      0       0
    BANK7           256      0       0

Pointer List with Targets:

    None.

Critical Paths under _main in COMRAM

    None.

Critical Paths under _main in BANK0

    None.

Critical Paths under _main in BANK1

    None.

Critical Paths under _main in BANK2

    None.

Critical Paths under _main in BANK3

    None.

Critical Paths under _main in BANK4

    None.

Critical Paths under _main in BANK5

    None.

Critical Paths under _main in BANK6

    None.

Critical Paths under _main in BANK7

    None.

Call Graph Tables:

 ---------------------------------------------------------------------------------
 (Depth) Function   	        Calls       Base Space   Used Autos Params    Refs
 ---------------------------------------------------------------------------------
 (0) _main                                                 0     0      0       0
 ---------------------------------------------------------------------------------
 Estimated maximum stack depth 0
 ---------------------------------------------------------------------------------

 Call Graph Graphs:

 _main (ROOT)

 Address spaces:
Name               Size   Autos  Total    Cost      Usage
BITCOMRAM           5F      0       0       0        0.0%
EEDATA             100      0       0       0        0.0%
NULL                 0      0       0       0        0.0%
CODE                 0      0       0       0        0.0%
COMRAM              5F      0       0       1        0.0%
STACK                0      0       0       2        0.0%
DATA                 0      0       0       3        0.0%
BITBANK0            A0      0       0       4        0.0%
BANK0               A0      0       0       5        0.0%
BITBANK1           100      0       0       6        0.0%
BANK1              100      0       0       7        0.0%
BITBANK2           100      0       0       8        0.0%
BANK2              100      0       0       9        0.0%
BITBANK3           100      0       0      10        0.0%
BANK3              100      0       0      11        0.0%
BITBANK4           100      0       0      12        0.0%
BANK4              100      0       0      13        0.0%
BITBANK5           100      0       0      14        0.0%
BANK5              100      0       0      15        0.0%
BITBANK6           100      0       0      16        0.0%
BANK6              100      0       0      17        0.0%
BITBANK7           100      0       0      18        0.0%
BANK7              100      0       0      19        0.0%
BITBIGSFRhhhh       41      0       0      20        0.0%
BITBIGSFRhhhl        1      0       0      21        0.0%
BITBIGSFRhhlh       1B      0       0      22        0.0%
BITBIGSFRhhll        9      0       0      23        0.0%
BITBIGSFRhl          8      0       0      24        0.0%
BITBIGSFRlh         2D      0       0      25        0.0%
BITBIGSFRll          A      0       0      26        0.0%
ABS                  0      0       0      27        0.0%
BIGRAM             7FF      0       0      28        0.0%
BIGSFR               0      0       0     200        0.0%
BITSFR_1             0      0       0     200        0.0%
SFR_1                0      0       0     200        0.0%
BITSFR               0      0       0     200        0.0%
SFR                  0      0       0     200        0.0%


Microchip Technology PIC18 Macro Assembler V2.41 build 20230208172133 
Symbol Table                                                                                   Sat Jun 24 23:39:59 2023

                     l21 7FF8                       l22 7FF8                      l700 7FD2  
                    l702 7FDC                      l704 7FEA                      l706 7FF4  
                    l708 7FF6                      _PR2 0FBB                     _LATC 0F8B  
                   _main 7FD2                     start 0000             ___param_bank 0000  
                  ?_main 0000          __initialization 7FCC             __end_of_main 8000  
                 ??_main 0000            __activetblptr 0000                   _CCPR1L 0FBE  
                 _ANSELC 0F5D                   isa$std 0001               __accesstop 0060  
__end_of__initialization 7FCC            ___rparam_used 0001           __pcstackCOMRAM 0000  
                _CCP1CON 0FBD                  __Hparam 0000                  __Lparam 0000  
                __pcinit 7FCC                  __ramtop 0800                  __ptext0 7FD2  
              _T2CONbits 0FBA     end_of_initialization 7FCC                _TRISCbits 0F94  
    start_initialization 7FCC                 _PIR1bits 0F9E                 __Hrparam 0000  
               __Lrparam 0000                 isa$xinst 0000  
